<?xml version="1.0" encoding="UTF-8"?>
<!-- Generated by org.testng.reporters.JUnitXMLReporter -->
<testsuite ignored="3" hostname="DESKTOP-U691P5C" failures="0" tests="2" name="Test" time="0.049" errors="0" timestamp="2024-02-15T17:19:51 IST">
  <testcase classname="demo.Xmlgrops" name="m3" time="0.006"/>
  <testcase classname="demo.Xmlgrops" name="m5" time="0.001"/>
  <testcase classname="demo.Xmlgrops" name="m2" time="0.0">
    <ignored/>
  </testcase> <!-- m2 -->
  <testcase classname="demo.Xmlgrops" name="m1" time="0.0">
    <ignored/>
  </testcase> <!-- m1 -->
  <testcase classname="demo.Xmlgrops" name="m4" time="0.0">
    <ignored/>
  </testcase> <!-- m4 -->
</testsuite> <!-- Test -->
