<?xml version="1.0" encoding="UTF-8"?>
<testng-results ignored="0" total="1" passed="1" failed="0" skipped="0">
  <reporter-output>
  </reporter-output>
  <suite started-at="2024-06-25T10:13:38 IST" name="Default suite" finished-at="2024-06-25T10:15:09 IST" duration-ms="91387">
    <groups>
    </groups>
    <test started-at="2024-06-25T10:13:38 IST" name="Default test" finished-at="2024-06-25T10:15:09 IST" duration-ms="91387">
      <class name="selenium.DtesSelenium">
        <test-method signature="setup()[pri:0, instance:selenium.DtesSelenium@6adbc9d]" started-at="2024-06-25T10:13:38 IST" name="setup" finished-at="2024-06-25T10:15:09 IST" duration-ms="91329" status="PASS">
          <reporter-output>
          </reporter-output>
        </test-method> <!-- setup -->
      </class> <!-- selenium.DtesSelenium -->
    </test> <!-- Default test -->
  </suite> <!-- Default suite -->
</testng-results>
